<?xml version="1.0" encoding="UTF-8"?>
<testng-results skipped="0" failed="0" ignored="0" total="1" passed="1">
  <reporter-output>
  </reporter-output>
  <suite name="Default suite" duration-ms="87903" started-at="2020-02-28T12:19:05Z" finished-at="2020-02-28T12:20:33Z">
    <groups>
    </groups>
    <test name="Default test" duration-ms="87903" started-at="2020-02-28T12:19:05Z" finished-at="2020-02-28T12:20:33Z">
      <class name="com.yatra.qa.TestCase001">
        <test-method status="PASS" signature="bookingHotelRoom()[pri:0, instance:com.yatra.qa.TestCase001@343f4d3d]" name="bookingHotelRoom" duration-ms="87865" started-at="2020-02-28T17:49:05Z" finished-at="2020-02-28T17:50:33Z">
          <reporter-output>
          </reporter-output>
        </test-method> <!-- bookingHotelRoom -->
      </class> <!-- com.yatra.qa.TestCase001 -->
    </test> <!-- Default test -->
  </suite> <!-- Default suite -->
</testng-results>
